<?xml version="1.0" encoding="UTF-8"?>
<testng-results ignored="0" total="1" passed="1" failed="0" skipped="0">
  <reporter-output>
  </reporter-output>
  <suite started-at="2022-04-09T14:15:21 IST" name="Default suite" finished-at="2022-04-09T14:16:16 IST" duration-ms="55393">
    <groups>
    </groups>
    <test started-at="2022-04-09T14:15:21 IST" name="Default test" finished-at="2022-04-09T14:16:16 IST" duration-ms="55393">
      <class name="TestScripts.testcase1">
        <test-method is-config="true" signature="OpenApp()[pri:0, instance:TestScripts.testcase1@2a54a73f]" started-at="2022-04-09T14:15:21 IST" name="OpenApp" finished-at="2022-04-09T14:15:38 IST" duration-ms="17597" status="PASS">
          <reporter-output>
          </reporter-output>
        </test-method> <!-- OpenApp -->
        <test-method signature="tc1()[pri:0, instance:TestScripts.testcase1@2a54a73f]" started-at="2022-04-09T14:15:38 IST" name="tc1" finished-at="2022-04-09T14:16:15 IST" duration-ms="36506" status="PASS">
          <reporter-output>
          </reporter-output>
        </test-method> <!-- tc1 -->
        <test-method is-config="true" signature="CloseApp(org.testng.ITestResult)[pri:0, instance:TestScripts.testcase1@2a54a73f]" started-at="2022-04-09T14:16:15 IST" name="CloseApp" finished-at="2022-04-09T14:16:16 IST" duration-ms="1201" status="PASS">
          <params>
            <param index="0">
              <value>
                <![CDATA[[TestResult name=tc1 status=SUCCESS method=testcase1.tc1()[pri:0, instance:TestScripts.testcase1@2a54a73f] output={null}]]]>
              </value>
            </param>
          </params>
          <reporter-output>
          </reporter-output>
        </test-method> <!-- CloseApp -->
      </class> <!-- TestScripts.testcase1 -->
    </test> <!-- Default test -->
  </suite> <!-- Default suite -->
</testng-results>
